Using pre-set license
Built from '2020.3/release' branch; Version is '2020.3.27f1 (e759542391ea) revision 15161684'; Using compiler version '192528614'; Build Type 'Release'
OS: 'Windows 11  (10.0.22000) 64bit Professional' Language: 'en' Physical Memory: 8013 MB
BatchMode: 1, IsHumanControllingUs: 0, StartBugReporterOnCrash: 0, Is64bit: 1, IsPro: 0

COMMAND LINE ARGUMENTS:
C:\Program Files\Unity\Hub\Editor\2020.3.27f1\Editor\Unity.exe
-adb2
-batchMode
-noUpm
-name
AssetImportWorker0
-projectPath
C:/Users/Asaki Tora/OneDrive/Máy tính/Running Game 3d/Running Game 3d
-logFile
Logs/AssetImportWorker0.log
-srvPort
58444
Successfully changed project path to: C:/Users/Asaki Tora/OneDrive/Máy tính/Running Game 3d/Running Game 3d
C:/Users/Asaki Tora/OneDrive/Máy tính/Running Game 3d/Running Game 3d
Using Asset Import Pipeline V2.
Refreshing native plugins compatible for Editor in 130.29 ms, found 2 plugins.
Preloading 0 native plugins for Editor in 0.00 ms.
Initialize engine version: 2020.3.27f1 (e759542391ea)
[Subsystems] Discovering subsystems at path C:/Program Files/Unity/Hub/Editor/2020.3.27f1/Editor/Data/Resources/UnitySubsystems
[Subsystems] Discovering subsystems at path C:/Users/Asaki Tora/OneDrive/Máy tính/Running Game 3d/Running Game 3d/Assets
GfxDevice: creating device client; threaded=0
Direct3D:
    Version:  Direct3D 11.0 [level 11.1]
    Renderer: NVIDIA GeForce GTX 1650 with Max-Q Design (ID=0x1f99)
    Vendor:   
    VRAM:     3962 MB
    Driver:   27.21.14.6221
Initialize mono
Mono path[0] = 'C:/Program Files/Unity/Hub/Editor/2020.3.27f1/Editor/Data/Managed'
Mono path[1] = 'C:/Program Files/Unity/Hub/Editor/2020.3.27f1/Editor/Data/MonoBleedingEdge/lib/mono/unityjit'
Mono config path = 'C:/Program Files/Unity/Hub/Editor/2020.3.27f1/Editor/Data/MonoBleedingEdge/etc'
Using monoOptions --debugger-agent=transport=dt_socket,embedding=1,server=y,suspend=n,address=127.0.0.1:56060
Begin MonoManager ReloadAssembly
Registering precompiled unity dll's ...
Register platform support module: C:/Program Files/Unity/Hub/Editor/2020.3.27f1/Editor/Data/PlaybackEngines/WebGLSupport/UnityEditor.WebGL.Extensions.dll
Register platform support module: C:/Program Files/Unity/Hub/Editor/2020.3.27f1/Editor/Data/PlaybackEngines/WindowsStandaloneSupport/UnityEditor.WindowsStandalone.Extensions.dll
Registered in 0.005878 seconds.
Native extension for WindowsStandalone target not found
Native extension for WebGL target not found
Refreshing native plugins compatible for Editor in 89.41 ms, found 2 plugins.
Preloading 0 native plugins for Editor in 0.00 ms.
Mono: successfully reloaded assembly
- Completed reload, in  0.968 seconds
Domain Reload Profiling:
	ReloadAssembly (969ms)
		BeginReloadAssembly (130ms)
			ExecutionOrderSort (0ms)
			DisableScriptedObjects (0ms)
			BackupInstance (0ms)
			ReleaseScriptingObjects (0ms)
			CreateAndSetChildDomain (1ms)
		EndReloadAssembly (739ms)
			LoadAssemblies (129ms)
			RebuildTransferFunctionScriptingTraits (0ms)
			SetupTypeCache (204ms)
			ReleaseScriptCaches (0ms)
			RebuildScriptCaches (52ms)
			SetupLoadedEditorAssemblies (311ms)
				LogAssemblyErrors (0ms)
				InitializePlatformSupportModulesInManaged (8ms)
				SetLoadedEditorAssemblies (0ms)
				RefreshPlugins (89ms)
				BeforeProcessingInitializeOnLoad (25ms)
				ProcessInitializeOnLoadAttributes (136ms)
				ProcessInitializeOnLoadMethodAttributes (52ms)
				AfterProcessingInitializeOnLoad (0ms)
				EditorAssembliesLoaded (0ms)
			ExecutionOrderSort2 (0ms)
			AwakeInstancesAfterBackupRestoration (0ms)
Platform modules already initialized, skipping
Registering precompiled user dll's ...
Registered in 0.036433 seconds.
Begin MonoManager ReloadAssembly
Native extension for WindowsStandalone target not found
Native extension for WebGL target not found
Refreshing native plugins compatible for Editor in 68.91 ms, found 2 plugins.
Preloading 0 native plugins for Editor in 0.00 ms.
Mono: successfully reloaded assembly
- Completed reload, in  1.702 seconds
Domain Reload Profiling:
	ReloadAssembly (1703ms)
		BeginReloadAssembly (257ms)
			ExecutionOrderSort (0ms)
			DisableScriptedObjects (7ms)
			BackupInstance (0ms)
			ReleaseScriptingObjects (0ms)
			CreateAndSetChildDomain (28ms)
		EndReloadAssembly (1361ms)
			LoadAssemblies (255ms)
			RebuildTransferFunctionScriptingTraits (0ms)
			SetupTypeCache (456ms)
			ReleaseScriptCaches (1ms)
			RebuildScriptCaches (74ms)
			SetupLoadedEditorAssemblies (469ms)
				LogAssemblyErrors (0ms)
				InitializePlatformSupportModulesInManaged (5ms)
				SetLoadedEditorAssemblies (0ms)
				RefreshPlugins (69ms)
				BeforeProcessingInitializeOnLoad (123ms)
				ProcessInitializeOnLoadAttributes (253ms)
				ProcessInitializeOnLoadMethodAttributes (13ms)
				AfterProcessingInitializeOnLoad (5ms)
				EditorAssembliesLoaded (0ms)
			ExecutionOrderSort2 (0ms)
			AwakeInstancesAfterBackupRestoration (8ms)
Platform modules already initialized, skipping
========================================================================
Worker process is ready to serve import requests
Launched and connected shader compiler UnityShaderCompiler.exe after 0.11 seconds
Refreshing native plugins compatible for Editor in 0.65 ms, found 2 plugins.
Preloading 0 native plugins for Editor in 0.00 ms.
Unloading 2821 Unused Serialized files (Serialized files now loaded: 0)
System memory in use before: 126.6 MB.
System memory in use after: 126.8 MB.

Unloading 20 unused Assets to reduce memory usage. Loaded Objects now: 3256.
Total: 4.024400 ms (FindLiveObjects: 0.288100 ms CreateObjectMapping: 0.180000 ms MarkObjects: 3.467800 ms  DeleteObjects: 0.087000 ms)

AssetImportParameters requested are different than current active one (requested -> active):
  custom:framework-win-MediaFoundation: 216162199b28c13a410421893ffa2e32 -> 
  custom:video-decoder-ogg-theora: a1e56fd34408186e4bbccfd4996cb3dc -> 
  custom:container-muxer-webm: aa71ff27fc2769a1b78a27578f13a17b -> 
  custom:container-demuxer-webm: 4f35f7cbe854078d1ac9338744f61a02 -> 
  custom:container-demuxer-ogg: 62fdf1f143b41e24485cea50d1cbac27 -> 
  custom:video-encoder-webm-vp8: eb34c28f22e8b96e1ab97ce403110664 -> 
  custom:video-decoder-webm-vp8: 9c59270c3fd7afecdb556c50c9e8de78 -> 
  custom:audio-decoder-ogg-vorbis: bf7c407c2cedff20999df2af8eb42d56 -> 
  custom:audio-encoder-webm-vorbis: bf7c407c2cedff20999df2af8eb42d56 -> 
========================================================================
Received Import Request.
  path: Assets/UniversalRenderPipelineAsset.asset
  artifactKey: Guid(6426859c662943042b4dd3ff155a6e64) Importer(815301076,1909f56bfc062723c751e8b465ee728b)
Start importing Assets/UniversalRenderPipelineAsset.asset using Guid(6426859c662943042b4dd3ff155a6e64) Importer(815301076,1909f56bfc062723c751e8b465ee728b)  -> (artifact id: 'b9e67e18901cfc9726c0d8e96303dc5c') in 0.046169 seconds 
  Import took 0.053299 seconds .

========================================================================
Received Import Request.
  Time since last request: 0.000482 seconds.
  path: Assets/UniversalRenderPipelineAsset_Renderer.asset
  artifactKey: Guid(2e34006d762d0bc47906e2a54192b01c) Importer(815301076,1909f56bfc062723c751e8b465ee728b)
Start importing Assets/UniversalRenderPipelineAsset_Renderer.asset using Guid(2e34006d762d0bc47906e2a54192b01c) Importer(815301076,1909f56bfc062723c751e8b465ee728b)  -> (artifact id: '30cea8e98a3e4e4423bb90ea0b119f84') in 0.021014 seconds 
  Import took 0.031803 seconds .

========================================================================
Received Import Request.
  Time since last request: 95.745978 seconds.
  path: Assets/Prefabs/AudioManager.prefab
  artifactKey: Guid(b8ed8a191dd05d94a865d5df6437d4d2) Importer(815301076,1909f56bfc062723c751e8b465ee728b)
Start importing Assets/Prefabs/AudioManager.prefab using Guid(b8ed8a191dd05d94a865d5df6437d4d2) Importer(815301076,1909f56bfc062723c751e8b465ee728b)  -> (artifact id: '2ac697aefb19a58674a01ea66bd516a8') in 0.061612 seconds 
  Import took 0.098892 seconds .

========================================================================
Received Import Request.
  Time since last request: 0.000358 seconds.
  path: Assets/Prefabs/Tile1.prefab
  artifactKey: Guid(5258fd5d66e609d4f8a72638e28793d1) Importer(815301076,1909f56bfc062723c751e8b465ee728b)
Start importing Assets/Prefabs/Tile1.prefab using Guid(5258fd5d66e609d4f8a72638e28793d1) Importer(815301076,1909f56bfc062723c751e8b465ee728b)  -> (artifact id: 'a7c6bed02eebed253687951a1859a368') in 0.367299 seconds 
  Import took 0.372389 seconds .

========================================================================
Received Import Request.
  Time since last request: 0.000203 seconds.
  path: Assets/Prefabs/Tile4.prefab
  artifactKey: Guid(9701614a0b33c1b4ea5a5e437c98cf8e) Importer(815301076,1909f56bfc062723c751e8b465ee728b)
Start importing Assets/Prefabs/Tile4.prefab using Guid(9701614a0b33c1b4ea5a5e437c98cf8e) Importer(815301076,1909f56bfc062723c751e8b465ee728b)  -> (artifact id: '9a6c87b497edef4be106fdd9f43322c7') in 0.047226 seconds 
  Import took 0.055776 seconds .

========================================================================
Received Import Request.
  Time since last request: 0.000248 seconds.
  path: Assets/Prefabs/Tile5.prefab
  artifactKey: Guid(4ae640d16fdfb0e4db5af087c2793657) Importer(815301076,1909f56bfc062723c751e8b465ee728b)
Start importing Assets/Prefabs/Tile5.prefab using Guid(4ae640d16fdfb0e4db5af087c2793657) Importer(815301076,1909f56bfc062723c751e8b465ee728b)  -> (artifact id: '6fc5d21cb6db6b8abc994011b4a10aaa') in 0.109694 seconds 
  Import took 0.116953 seconds .

========================================================================
Received Import Request.
  Time since last request: 0.000242 seconds.
  path: Assets/Prefabs/Tile3.prefab
  artifactKey: Guid(f60dafa25413612489e45bede2058c6a) Importer(815301076,1909f56bfc062723c751e8b465ee728b)
Start importing Assets/Prefabs/Tile3.prefab using Guid(f60dafa25413612489e45bede2058c6a) Importer(815301076,1909f56bfc062723c751e8b465ee728b)  -> (artifact id: 'f8c3105be76b6015603f5fb6f7049117') in 0.027458 seconds 
  Import took 0.033845 seconds .

========================================================================
Received Import Request.
  Time since last request: 0.000216 seconds.
  path: Assets/Prefabs/Coin.prefab
  artifactKey: Guid(ecd0a270b15605e4eb9ec42455b9ad17) Importer(815301076,1909f56bfc062723c751e8b465ee728b)
Start importing Assets/Prefabs/Coin.prefab using Guid(ecd0a270b15605e4eb9ec42455b9ad17) Importer(815301076,1909f56bfc062723c751e8b465ee728b)  -> (artifact id: '6b7c68eeacf923a5b3633274934eab4c') in 0.079854 seconds 
  Import took 0.086147 seconds .

========================================================================
Received Import Request.
  Time since last request: 0.000258 seconds.
  path: Assets/Prefabs/Tile7.prefab
  artifactKey: Guid(4f1aeb7168842194a904b686c76ee07e) Importer(815301076,1909f56bfc062723c751e8b465ee728b)
Start importing Assets/Prefabs/Tile7.prefab using Guid(4f1aeb7168842194a904b686c76ee07e) Importer(815301076,1909f56bfc062723c751e8b465ee728b)  -> (artifact id: 'a9800760b92eece42416a10e809d4166') in 0.063721 seconds 
  Import took 0.069325 seconds .

========================================================================
Received Import Request.
  Time since last request: 0.000203 seconds.
  path: Assets/Prefabs/Tile8.prefab
  artifactKey: Guid(75a8098ec195b804eaacdc86b4743767) Importer(815301076,1909f56bfc062723c751e8b465ee728b)
Start importing Assets/Prefabs/Tile8.prefab using Guid(75a8098ec195b804eaacdc86b4743767) Importer(815301076,1909f56bfc062723c751e8b465ee728b)  -> (artifact id: 'f69a7e92956babbb0f98c6969d76426c') in 0.036369 seconds 
  Import took 0.044559 seconds .

========================================================================
Received Import Request.
  Time since last request: 0.000219 seconds.
  path: Assets/Prefabs/Tile6.prefab
  artifactKey: Guid(828aae565ac862644bfae222749cc22d) Importer(815301076,1909f56bfc062723c751e8b465ee728b)
Start importing Assets/Prefabs/Tile6.prefab using Guid(828aae565ac862644bfae222749cc22d) Importer(815301076,1909f56bfc062723c751e8b465ee728b)  -> (artifact id: 'd9e5dbfb38b56062e478896946c28202') in 0.104039 seconds 
  Import took 0.110617 seconds .

========================================================================
Received Import Request.
  Time since last request: 0.000300 seconds.
  path: Assets/Prefabs/Tile2.prefab
  artifactKey: Guid(1ee5bc0775e9ad548a551cf5098c5fad) Importer(815301076,1909f56bfc062723c751e8b465ee728b)
Start importing Assets/Prefabs/Tile2.prefab using Guid(1ee5bc0775e9ad548a551cf5098c5fad) Importer(815301076,1909f56bfc062723c751e8b465ee728b)  -> (artifact id: '1a72956a2a72270045070ba13cc71edf') in 0.041090 seconds 
  Import took 0.051269 seconds .

========================================================================
Received Prepare
Registering precompiled user dll's ...
Registered in 0.009954 seconds.
Begin MonoManager ReloadAssembly
Native extension for WindowsStandalone target not found
Native extension for WebGL target not found
Refreshing native plugins compatible for Editor in 0.67 ms, found 2 plugins.
Preloading 0 native plugins for Editor in 0.00 ms.
Mono: successfully reloaded assembly
- Completed reload, in  1.660 seconds
Domain Reload Profiling:
	ReloadAssembly (1661ms)
		BeginReloadAssembly (190ms)
			ExecutionOrderSort (0ms)
			DisableScriptedObjects (10ms)
			BackupInstance (0ms)
			ReleaseScriptingObjects (0ms)
			CreateAndSetChildDomain (51ms)
		EndReloadAssembly (1373ms)
			LoadAssemblies (129ms)
			RebuildTransferFunctionScriptingTraits (0ms)
			SetupTypeCache (508ms)
			ReleaseScriptCaches (1ms)
			RebuildScriptCaches (56ms)
			SetupLoadedEditorAssemblies (450ms)
				LogAssemblyErrors (0ms)
				InitializePlatformSupportModulesInManaged (6ms)
				SetLoadedEditorAssemblies (1ms)
				RefreshPlugins (1ms)
				BeforeProcessingInitializeOnLoad (134ms)
				ProcessInitializeOnLoadAttributes (286ms)
				ProcessInitializeOnLoadMethodAttributes (16ms)
				AfterProcessingInitializeOnLoad (6ms)
				EditorAssembliesLoaded (0ms)
			ExecutionOrderSort2 (0ms)
			AwakeInstancesAfterBackupRestoration (25ms)
Platform modules already initialized, skipping
Switching build target platform(19) subTarget(0) extendedPlatform(0) -> platform(13) subTarget(537395200) extendedPlatform(0)
Refreshing native plugins compatible for Editor in 0.65 ms, found 2 plugins.
Preloading 0 native plugins for Editor in 0.00 ms.
Unloading 2716 Unused Serialized files (Serialized files now loaded: 0)
System memory in use before: 123.3 MB.
System memory in use after: 123.5 MB.

Unloading 15 unused Assets to reduce memory usage. Loaded Objects now: 3306.
Total: 4.208900 ms (FindLiveObjects: 0.286800 ms CreateObjectMapping: 0.200900 ms MarkObjects: 3.701200 ms  DeleteObjects: 0.018900 ms)

AssetImportParameters requested are different than current active one (requested -> active):
  custom:framework-win-MediaFoundation: 216162199b28c13a410421893ffa2e32 -> 
  custom:video-decoder-ogg-theora: a1e56fd34408186e4bbccfd4996cb3dc -> 
  custom:container-muxer-webm: aa71ff27fc2769a1b78a27578f13a17b -> 
  custom:container-demuxer-webm: 4f35f7cbe854078d1ac9338744f61a02 -> 
  custom:container-demuxer-ogg: 62fdf1f143b41e24485cea50d1cbac27 -> 
  custom:video-encoder-webm-vp8: eb34c28f22e8b96e1ab97ce403110664 -> 
  custom:video-decoder-webm-vp8: 9c59270c3fd7afecdb556c50c9e8de78 -> 
  custom:graphics/normal-map-encoding: 01000000000000000000000000000000 -> 02000000000000000000000000000000
  custom:audio-decoder-ogg-vorbis: bf7c407c2cedff20999df2af8eb42d56 -> 
  custom:audio-encoder-webm-vorbis: bf7c407c2cedff20999df2af8eb42d56 -> 
========================================================================
Received Import Request.
  Time since last request: 20.191955 seconds.
  path: Assets/Prefabs/Tile1.prefab
  artifactKey: Guid(5258fd5d66e609d4f8a72638e28793d1) Importer(815301076,1909f56bfc062723c751e8b465ee728b)
Start importing Assets/Prefabs/Tile1.prefab using Guid(5258fd5d66e609d4f8a72638e28793d1) Importer(815301076,1909f56bfc062723c751e8b465ee728b)  -> (artifact id: '6f0ccc4d9ccde39824157c10d589214a') in 0.231385 seconds 
  Import took 0.237176 seconds .

========================================================================
Received Import Request.
  Time since last request: 1.538388 seconds.
  path: Assets/Prefabs/Tile2.prefab
  artifactKey: Guid(1ee5bc0775e9ad548a551cf5098c5fad) Importer(815301076,1909f56bfc062723c751e8b465ee728b)
Start importing Assets/Prefabs/Tile2.prefab using Guid(1ee5bc0775e9ad548a551cf5098c5fad) Importer(815301076,1909f56bfc062723c751e8b465ee728b)  -> (artifact id: 'bfa5ac1a18397e2a9cefe2a967c39a4e') in 0.018610 seconds 
  Import took 0.025857 seconds .

========================================================================
Received Import Request.
  Time since last request: 12.715308 seconds.
  path: Assets/Prefabs/Tile3.prefab
  artifactKey: Guid(f60dafa25413612489e45bede2058c6a) Importer(815301076,1909f56bfc062723c751e8b465ee728b)
Start importing Assets/Prefabs/Tile3.prefab using Guid(f60dafa25413612489e45bede2058c6a) Importer(815301076,1909f56bfc062723c751e8b465ee728b)  -> (artifact id: 'c9b873dc4814983a9ecd0768017f8a0c') in 0.038513 seconds 
  Import took 0.046514 seconds .

========================================================================
Received Import Request.
  Time since last request: 1.564149 seconds.
  path: Assets/Prefabs/Tile3.prefab
  artifactKey: Guid(f60dafa25413612489e45bede2058c6a) Importer(815301076,1909f56bfc062723c751e8b465ee728b)
Start importing Assets/Prefabs/Tile3.prefab using Guid(f60dafa25413612489e45bede2058c6a) Importer(815301076,1909f56bfc062723c751e8b465ee728b)  -> (artifact id: 'dec5a65f11805212e64521298c796e0b') in 0.022459 seconds 
  Import took 0.029783 seconds .

========================================================================
Received Import Request.
  Time since last request: 5.073764 seconds.
  path: Assets/Prefabs/Tile4.prefab
  artifactKey: Guid(9701614a0b33c1b4ea5a5e437c98cf8e) Importer(815301076,1909f56bfc062723c751e8b465ee728b)
Start importing Assets/Prefabs/Tile4.prefab using Guid(9701614a0b33c1b4ea5a5e437c98cf8e) Importer(815301076,1909f56bfc062723c751e8b465ee728b)  -> (artifact id: 'dcd209ea75535b490e6d9d2bde1fc6da') in 0.024446 seconds 
  Import took 0.033093 seconds .

========================================================================
Received Import Request.
  Time since last request: 4.812799 seconds.
  path: Assets/Prefabs/Tile5.prefab
  artifactKey: Guid(4ae640d16fdfb0e4db5af087c2793657) Importer(815301076,1909f56bfc062723c751e8b465ee728b)
Start importing Assets/Prefabs/Tile5.prefab using Guid(4ae640d16fdfb0e4db5af087c2793657) Importer(815301076,1909f56bfc062723c751e8b465ee728b)  -> (artifact id: '9401965e40058a716fdf822ddc424acb') in 0.020485 seconds 
  Import took 0.027578 seconds .

========================================================================
Received Import Request.
  Time since last request: 5.883902 seconds.
  path: Assets/Prefabs/Tile6.prefab
  artifactKey: Guid(828aae565ac862644bfae222749cc22d) Importer(815301076,1909f56bfc062723c751e8b465ee728b)
Start importing Assets/Prefabs/Tile6.prefab using Guid(828aae565ac862644bfae222749cc22d) Importer(815301076,1909f56bfc062723c751e8b465ee728b)  -> (artifact id: '57e9b12829825bf537769a9ca4c139b6') in 0.026097 seconds 
  Import took 0.032470 seconds .

========================================================================
Received Import Request.
  Time since last request: 14.905825 seconds.
  path: Assets/Prefabs/Tile7.prefab
  artifactKey: Guid(4f1aeb7168842194a904b686c76ee07e) Importer(815301076,1909f56bfc062723c751e8b465ee728b)
Start importing Assets/Prefabs/Tile7.prefab using Guid(4f1aeb7168842194a904b686c76ee07e) Importer(815301076,1909f56bfc062723c751e8b465ee728b)  -> (artifact id: 'a04718ca90cbd7ebf7abb2656908999b') in 0.034121 seconds 
  Import took 0.039738 seconds .

========================================================================
Received Import Request.
  Time since last request: 2.363401 seconds.
  path: Assets/Prefabs/Tile7.prefab
  artifactKey: Guid(4f1aeb7168842194a904b686c76ee07e) Importer(815301076,1909f56bfc062723c751e8b465ee728b)
Start importing Assets/Prefabs/Tile7.prefab using Guid(4f1aeb7168842194a904b686c76ee07e) Importer(815301076,1909f56bfc062723c751e8b465ee728b)  -> (artifact id: '22c08dbaca924809eadca347ddea0dab') in 0.024732 seconds 
  Import took 0.031989 seconds .

========================================================================
Received Import Request.
  Time since last request: 5.879197 seconds.
  path: Assets/Prefabs/Tile8.prefab
  artifactKey: Guid(75a8098ec195b804eaacdc86b4743767) Importer(815301076,1909f56bfc062723c751e8b465ee728b)
Start importing Assets/Prefabs/Tile8.prefab using Guid(75a8098ec195b804eaacdc86b4743767) Importer(815301076,1909f56bfc062723c751e8b465ee728b)  -> (artifact id: 'cf3111a48b1933982e22e5da2d74e3ea') in 0.024946 seconds 
  Import took 0.031556 seconds .

========================================================================
Received Prepare
Registering precompiled user dll's ...
Registered in 0.006699 seconds.
Begin MonoManager ReloadAssembly
Native extension for WindowsStandalone target not found
Native extension for WebGL target not found
Refreshing native plugins compatible for Editor in 0.87 ms, found 2 plugins.
Preloading 0 native plugins for Editor in 0.00 ms.
Mono: successfully reloaded assembly
- Completed reload, in  1.937 seconds
Domain Reload Profiling:
	ReloadAssembly (1938ms)
		BeginReloadAssembly (202ms)
			ExecutionOrderSort (0ms)
			DisableScriptedObjects (12ms)
			BackupInstance (0ms)
			ReleaseScriptingObjects (0ms)
			CreateAndSetChildDomain (75ms)
		EndReloadAssembly (1634ms)
			LoadAssemblies (159ms)
			RebuildTransferFunctionScriptingTraits (0ms)
			SetupTypeCache (588ms)
			ReleaseScriptCaches (2ms)
			RebuildScriptCaches (83ms)
			SetupLoadedEditorAssemblies (529ms)
				LogAssemblyErrors (0ms)
				InitializePlatformSupportModulesInManaged (8ms)
				SetLoadedEditorAssemblies (1ms)
				RefreshPlugins (1ms)
				BeforeProcessingInitializeOnLoad (152ms)
				ProcessInitializeOnLoadAttributes (345ms)
				ProcessInitializeOnLoadMethodAttributes (15ms)
				AfterProcessingInitializeOnLoad (6ms)
				EditorAssembliesLoaded (1ms)
			ExecutionOrderSort2 (0ms)
			AwakeInstancesAfterBackupRestoration (30ms)
Platform modules already initialized, skipping
Switching build target platform(19) subTarget(0) extendedPlatform(0) -> platform(13) subTarget(537395200) extendedPlatform(0)
Refreshing native plugins compatible for Editor in 0.84 ms, found 2 plugins.
Preloading 0 native plugins for Editor in 0.00 ms.
Unloading 2714 Unused Serialized files (Serialized files now loaded: 0)
System memory in use before: 123.4 MB.
System memory in use after: 123.6 MB.

Unloading 15 unused Assets to reduce memory usage. Loaded Objects now: 3344.
Total: 8.039500 ms (FindLiveObjects: 0.779800 ms CreateObjectMapping: 0.271100 ms MarkObjects: 6.957800 ms  DeleteObjects: 0.028800 ms)

AssetImportParameters requested are different than current active one (requested -> active):
  custom:framework-win-MediaFoundation: 216162199b28c13a410421893ffa2e32 -> 
  custom:video-decoder-ogg-theora: a1e56fd34408186e4bbccfd4996cb3dc -> 
  custom:container-muxer-webm: aa71ff27fc2769a1b78a27578f13a17b -> 
  custom:container-demuxer-webm: 4f35f7cbe854078d1ac9338744f61a02 -> 
  custom:container-demuxer-ogg: 62fdf1f143b41e24485cea50d1cbac27 -> 
  custom:video-encoder-webm-vp8: eb34c28f22e8b96e1ab97ce403110664 -> 
  custom:video-decoder-webm-vp8: 9c59270c3fd7afecdb556c50c9e8de78 -> 
  custom:graphics/normal-map-encoding: 01000000000000000000000000000000 -> 02000000000000000000000000000000
  custom:audio-decoder-ogg-vorbis: bf7c407c2cedff20999df2af8eb42d56 -> 
  custom:audio-encoder-webm-vorbis: bf7c407c2cedff20999df2af8eb42d56 -> 
========================================================================
Received Import Request.
  Time since last request: 60.685401 seconds.
  path: Assets/Prefabs/AudioManager.prefab
  artifactKey: Guid(b8ed8a191dd05d94a865d5df6437d4d2) Importer(815301076,1909f56bfc062723c751e8b465ee728b)
Start importing Assets/Prefabs/AudioManager.prefab using Guid(b8ed8a191dd05d94a865d5df6437d4d2) Importer(815301076,1909f56bfc062723c751e8b465ee728b)  -> (artifact id: 'bc2af2a0dea907feed98185bfde1d3c0') in 0.050494 seconds 
  Import took 0.058685 seconds .

========================================================================
Received Import Request.
  Time since last request: 60.785102 seconds.
  path: Assets/Scripts/Player
  artifactKey: Guid(555affc63454292479d0d3c05aa2c1e3) Importer(815301076,1909f56bfc062723c751e8b465ee728b)
Start importing Assets/Scripts/Player using Guid(555affc63454292479d0d3c05aa2c1e3) Importer(815301076,1909f56bfc062723c751e8b465ee728b)  -> (artifact id: 'ee7d37c17844d0f02888defef61d4059') in 0.008599 seconds 
  Import took 0.014536 seconds .

========================================================================
Received Import Request.
  Time since last request: 1.335392 seconds.
  path: Assets/Scripts/Player/PlayerController.cs
  artifactKey: Guid(e38005301b222054d8fc487e8d83e8e9) Importer(815301076,1909f56bfc062723c751e8b465ee728b)
Start importing Assets/Scripts/Player/PlayerController.cs using Guid(e38005301b222054d8fc487e8d83e8e9) Importer(815301076,1909f56bfc062723c751e8b465ee728b)  -> (artifact id: '5391b4dd5527bec0a590fbad6d04f6e8') in 0.011385 seconds 
  Import took 0.017426 seconds .

========================================================================
Received Import Request.
  Time since last request: 171.589357 seconds.
  path: Assets/Scenes/Level.unity
  artifactKey: Guid(9fc0d4010bbf28b4594072e72b8655ab) Importer(815301076,1909f56bfc062723c751e8b465ee728b)
Start importing Assets/Scenes/Level.unity using Guid(9fc0d4010bbf28b4594072e72b8655ab) Importer(815301076,1909f56bfc062723c751e8b465ee728b)  -> (artifact id: 'd3a80cf78bd419589b3f57de963ecde4') in 0.006713 seconds 
  Import took 0.015288 seconds .

========================================================================
Received Import Request.
  Time since last request: 2.513390 seconds.
  path: Assets/Scenes/Menu.unity
  artifactKey: Guid(50393c08cc43a8440b362245794c0fdd) Importer(815301076,1909f56bfc062723c751e8b465ee728b)
Start importing Assets/Scenes/Menu.unity using Guid(50393c08cc43a8440b362245794c0fdd) Importer(815301076,1909f56bfc062723c751e8b465ee728b)  -> (artifact id: '1d9dc771fcb02135247042343484d088') in 0.007199 seconds 
  Import took 0.013574 seconds .

========================================================================
Received Import Request.
  Time since last request: 14.338391 seconds.
  path: Assets/Scenes/Menu.unity
  artifactKey: Guid(50393c08cc43a8440b362245794c0fdd) Importer(815301076,1909f56bfc062723c751e8b465ee728b)
Start importing Assets/Scenes/Menu.unity using Guid(50393c08cc43a8440b362245794c0fdd) Importer(815301076,1909f56bfc062723c751e8b465ee728b)  -> (artifact id: '45eba617eda11bb348bfd65ee9cd5b86') in 0.002788 seconds 
  Import took 0.010575 seconds .

========================================================================
Received Prepare
Registering precompiled user dll's ...
Registered in 0.174427 seconds.
Begin MonoManager ReloadAssembly
Native extension for WindowsStandalone target not found
Native extension for WebGL target not found
Refreshing native plugins compatible for Editor in 1.09 ms, found 2 plugins.
Preloading 0 native plugins for Editor in 0.00 ms.
Mono: successfully reloaded assembly
- Completed reload, in  1.533 seconds
Domain Reload Profiling:
	ReloadAssembly (1533ms)
		BeginReloadAssembly (138ms)
			ExecutionOrderSort (0ms)
			DisableScriptedObjects (8ms)
			BackupInstance (0ms)
			ReleaseScriptingObjects (0ms)
			CreateAndSetChildDomain (45ms)
		EndReloadAssembly (1305ms)
			LoadAssemblies (123ms)
			RebuildTransferFunctionScriptingTraits (0ms)
			SetupTypeCache (439ms)
			ReleaseScriptCaches (1ms)
			RebuildScriptCaches (59ms)
			SetupLoadedEditorAssemblies (415ms)
				LogAssemblyErrors (0ms)
				InitializePlatformSupportModulesInManaged (8ms)
				SetLoadedEditorAssemblies (1ms)
				RefreshPlugins (1ms)
				BeforeProcessingInitializeOnLoad (123ms)
				ProcessInitializeOnLoadAttributes (265ms)
				ProcessInitializeOnLoadMethodAttributes (11ms)
				AfterProcessingInitializeOnLoad (5ms)
				EditorAssembliesLoaded (0ms)
			ExecutionOrderSort2 (0ms)
			AwakeInstancesAfterBackupRestoration (23ms)
Platform modules already initialized, skipping
Switching build target platform(19) subTarget(0) extendedPlatform(0) -> platform(13) subTarget(537395200) extendedPlatform(0)
Refreshing native plugins compatible for Editor in 0.60 ms, found 2 plugins.
Preloading 0 native plugins for Editor in 0.00 ms.
Unloading 2714 Unused Serialized files (Serialized files now loaded: 0)
System memory in use before: 123.4 MB.
System memory in use after: 123.7 MB.

Unloading 15 unused Assets to reduce memory usage. Loaded Objects now: 3346.
Total: 3.766400 ms (FindLiveObjects: 0.272200 ms CreateObjectMapping: 0.154000 ms MarkObjects: 3.321600 ms  DeleteObjects: 0.017600 ms)

AssetImportParameters requested are different than current active one (requested -> active):
  custom:framework-win-MediaFoundation: 216162199b28c13a410421893ffa2e32 -> 
  custom:video-decoder-ogg-theora: a1e56fd34408186e4bbccfd4996cb3dc -> 
  custom:container-muxer-webm: aa71ff27fc2769a1b78a27578f13a17b -> 
  custom:container-demuxer-webm: 4f35f7cbe854078d1ac9338744f61a02 -> 
  custom:container-demuxer-ogg: 62fdf1f143b41e24485cea50d1cbac27 -> 
  custom:video-encoder-webm-vp8: eb34c28f22e8b96e1ab97ce403110664 -> 
  custom:video-decoder-webm-vp8: 9c59270c3fd7afecdb556c50c9e8de78 -> 
  custom:graphics/normal-map-encoding: 01000000000000000000000000000000 -> 02000000000000000000000000000000
  custom:audio-decoder-ogg-vorbis: bf7c407c2cedff20999df2af8eb42d56 -> 
  custom:audio-encoder-webm-vorbis: bf7c407c2cedff20999df2af8eb42d56 -> 
========================================================================
Received Import Request.
  Time since last request: 283.905187 seconds.
  path: Assets/Animations/Wheel.controller
  artifactKey: Guid(06d86353c752ab3449b7846ce3236821) Importer(815301076,1909f56bfc062723c751e8b465ee728b)
Start importing Assets/Animations/Wheel.controller using Guid(06d86353c752ab3449b7846ce3236821) Importer(815301076,1909f56bfc062723c751e8b465ee728b)  -> (artifact id: '3e2949fe6c728c6ef9907dd844f98b94') in 0.047243 seconds 
  Import took 0.053559 seconds .

========================================================================
Received Prepare
Registering precompiled user dll's ...
Registered in 0.006781 seconds.
Begin MonoManager ReloadAssembly
Native extension for WindowsStandalone target not found
Native extension for WebGL target not found
Refreshing native plugins compatible for Editor in 0.59 ms, found 2 plugins.
Preloading 0 native plugins for Editor in 0.00 ms.
Mono: successfully reloaded assembly
- Completed reload, in  1.278 seconds
Domain Reload Profiling:
	ReloadAssembly (1279ms)
		BeginReloadAssembly (122ms)
			ExecutionOrderSort (0ms)
			DisableScriptedObjects (9ms)
			BackupInstance (0ms)
			ReleaseScriptingObjects (0ms)
			CreateAndSetChildDomain (38ms)
		EndReloadAssembly (1089ms)
			LoadAssemblies (108ms)
			RebuildTransferFunctionScriptingTraits (0ms)
			SetupTypeCache (386ms)
			ReleaseScriptCaches (1ms)
			RebuildScriptCaches (50ms)
			SetupLoadedEditorAssemblies (347ms)
				LogAssemblyErrors (0ms)
				InitializePlatformSupportModulesInManaged (5ms)
				SetLoadedEditorAssemblies (1ms)
				RefreshPlugins (1ms)
				BeforeProcessingInitializeOnLoad (108ms)
				ProcessInitializeOnLoadAttributes (216ms)
				ProcessInitializeOnLoadMethodAttributes (10ms)
				AfterProcessingInitializeOnLoad (6ms)
				EditorAssembliesLoaded (0ms)
			ExecutionOrderSort2 (0ms)
			AwakeInstancesAfterBackupRestoration (23ms)
Platform modules already initialized, skipping
Switching build target platform(19) subTarget(0) extendedPlatform(0) -> platform(13) subTarget(537395200) extendedPlatform(0)
Refreshing native plugins compatible for Editor in 0.67 ms, found 2 plugins.
Preloading 0 native plugins for Editor in 0.00 ms.
Unloading 2714 Unused Serialized files (Serialized files now loaded: 0)
System memory in use before: 123.5 MB.
System memory in use after: 123.7 MB.

Unloading 15 unused Assets to reduce memory usage. Loaded Objects now: 3348.
Total: 3.675300 ms (FindLiveObjects: 0.282300 ms CreateObjectMapping: 0.160300 ms MarkObjects: 3.213600 ms  DeleteObjects: 0.018100 ms)

AssetImportParameters requested are different than current active one (requested -> active):
  custom:framework-win-MediaFoundation: 216162199b28c13a410421893ffa2e32 -> 
  custom:video-decoder-ogg-theora: a1e56fd34408186e4bbccfd4996cb3dc -> 
  custom:container-muxer-webm: aa71ff27fc2769a1b78a27578f13a17b -> 
  custom:container-demuxer-webm: 4f35f7cbe854078d1ac9338744f61a02 -> 
  custom:container-demuxer-ogg: 62fdf1f143b41e24485cea50d1cbac27 -> 
  custom:video-encoder-webm-vp8: eb34c28f22e8b96e1ab97ce403110664 -> 
  custom:video-decoder-webm-vp8: 9c59270c3fd7afecdb556c50c9e8de78 -> 
  custom:graphics/normal-map-encoding: 01000000000000000000000000000000 -> 02000000000000000000000000000000
  custom:audio-decoder-ogg-vorbis: bf7c407c2cedff20999df2af8eb42d56 -> 
  custom:audio-encoder-webm-vorbis: bf7c407c2cedff20999df2af8eb42d56 -> 
